JPush/build/outputs/logs/manifest-merger-debug-report.txt
-- Merging decision tree log ---
manifest
ADDED from dm-portal-android\JPush\AndroidManifest.xml:2:1-149:12
INJECTED from dm-portal-android\JPush\AndroidManifest.xml:2:1-149:12
INJECTED from dm-portal-android\JPush\AndroidManifest.xml:2:1-149:12
INJECTED from dm-portal-android\JPush\AndroidManifest.xml:2:1-149:12
INJECTED from dm-portal-android\JPush\AndroidManifest.xml:2:1-149:12
INJECTED from dm-portal-android\JPush\AndroidManifest.xml:2:1-149:12
INJECTED from dm-portal-android\JPush\AndroidManifest.xml:2:1-149:12
	package
		ADDED from dm-portal-android\JPush\AndroidManifest.xml:3:5-31
		INJECTED from dm-portal-android\JPush\AndroidManifest.xml
		INJECTED from dm-portal-android\JPush\AndroidManifest.xml
	android:versionName
		ADDED from dm-portal-android\JPush\AndroidManifest.xml:5:5-32
		INJECTED from dm-portal-android\JPush\AndroidManifest.xml
		INJECTED from dm-portal-android\JPush\AndroidManifest.xml
	xmlns:android
		ADDED from dm-portal-android\JPush\AndroidManifest.xml:2:11-69
	android:versionCode
		ADDED from dm-portal-android\JPush\AndroidManifest.xml:4:5-30
		INJECTED from dm-portal-android\JPush\AndroidManifest.xml
		INJECTED from dm-portal-android\JPush\AndroidManifest.xml
uses-sdk
ADDED from dm-portal-android\JPush\AndroidManifest.xml:7:5-9:41
	android:targetSdkVersion
		ADDED from dm-portal-android\JPush\AndroidManifest.xml:9:9-38
	android:minSdkVersion
		ADDED from dm-portal-android\JPush\AndroidManifest.xml:8:9-34
permission#com.last.design.dmportal.permission.JPUSH_MESSAGE
ADDED from dm-portal-android\JPush\AndroidManifest.xml:12:5-14:47
	android:protectionLevel
		ADDED from dm-portal-android\JPush\AndroidManifest.xml:14:9-44
	android:name
		ADDED from dm-portal-android\JPush\AndroidManifest.xml:13:9-73
uses-permission#com.last.design.dmportal.permission.JPUSH_MESSAGE
ADDED from dm-portal-android\JPush\AndroidManifest.xml:17:5-89
	android:name
		ADDED from dm-portal-android\JPush\AndroidManifest.xml:17:22-86
uses-permission#android.permission.RECEIVE_USER_PRESENT
ADDED from dm-portal-android\JPush\AndroidManifest.xml:18:5-79
	android:name
		ADDED from dm-portal-android\JPush\AndroidManifest.xml:18:22-76
uses-permission#android.permission.INTERNET
ADDED from dm-portal-android\JPush\AndroidManifest.xml:19:5-67
	android:name
		ADDED from dm-portal-android\JPush\AndroidManifest.xml:19:22-64
uses-permission#android.permission.READ_PHONE_STATE
ADDED from dm-portal-android\JPush\AndroidManifest.xml:20:5-75
	android:name
		ADDED from dm-portal-android\JPush\AndroidManifest.xml:20:22-72
uses-permission#android.permission.WRITE_EXTERNAL_STORAGE
ADDED from dm-portal-android\JPush\AndroidManifest.xml:21:5-81
	android:name
		ADDED from dm-portal-android\JPush\AndroidManifest.xml:21:22-78
uses-permission#android.permission.READ_EXTERNAL_STORAGE
ADDED from dm-portal-android\JPush\AndroidManifest.xml:22:5-80
	android:name
		ADDED from dm-portal-android\JPush\AndroidManifest.xml:22:22-77
uses-permission#android.permission.WRITE_SETTINGS
ADDED from dm-portal-android\JPush\AndroidManifest.xml:23:5-73
	android:name
		ADDED from dm-portal-android\JPush\AndroidManifest.xml:23:22-70
uses-permission#android.permission.MOUNT_UNMOUNT_FILESYSTEMS
ADDED from dm-portal-android\JPush\AndroidManifest.xml:24:5-84
	android:name
		ADDED from dm-portal-android\JPush\AndroidManifest.xml:24:22-81
uses-permission#android.permission.ACCESS_NETWORK_STATE
ADDED from dm-portal-android\JPush\AndroidManifest.xml:25:5-79
	android:name
		ADDED from dm-portal-android\JPush\AndroidManifest.xml:25:22-76
uses-permission#android.permission.ACCESS_WIFI_STATE
ADDED from dm-portal-android\JPush\AndroidManifest.xml:26:5-76
	android:name
		ADDED from dm-portal-android\JPush\AndroidManifest.xml:26:22-73
uses-permission#android.permission.VIBRATE
ADDED from dm-portal-android\JPush\AndroidManifest.xml:29:5-66
	android:name
		ADDED from dm-portal-android\JPush\AndroidManifest.xml:29:22-63
uses-permission#android.permission.SYSTEM_ALERT_WINDOW
ADDED from dm-portal-android\JPush\AndroidManifest.xml:30:5-78
	android:name
		ADDED from dm-portal-android\JPush\AndroidManifest.xml:30:22-75
uses-permission#android.permission.ACCESS_COARSE_LOCATION
ADDED from dm-portal-android\JPush\AndroidManifest.xml:31:5-81
	android:name
		ADDED from dm-portal-android\JPush\AndroidManifest.xml:31:22-78
uses-permission#android.permission.CHANGE_WIFI_STATE
ADDED from dm-portal-android\JPush\AndroidManifest.xml:32:5-76
	android:name
		ADDED from dm-portal-android\JPush\AndroidManifest.xml:32:22-73
uses-permission#android.permission.ACCESS_FINE_LOCATION
ADDED from dm-portal-android\JPush\AndroidManifest.xml:33:5-79
	android:name
		ADDED from dm-portal-android\JPush\AndroidManifest.xml:33:22-76
uses-permission#android.permission.ACCESS_LOCATION_EXTRA_COMMANDS
ADDED from dm-portal-android\JPush\AndroidManifest.xml:34:5-89
	android:name
		ADDED from dm-portal-android\JPush\AndroidManifest.xml:34:22-86
uses-permission#android.permission.CHANGE_NETWORK_STATE
ADDED from dm-portal-android\JPush\AndroidManifest.xml:35:5-79
	android:name
		ADDED from dm-portal-android\JPush\AndroidManifest.xml:35:22-76
uses-permission#android.permission.GET_TASKS
ADDED from dm-portal-android\JPush\AndroidManifest.xml:36:5-68
	android:name
		ADDED from dm-portal-android\JPush\AndroidManifest.xml:36:22-65
application
ADDED from dm-portal-android\JPush\AndroidManifest.xml:38:5-147:19
	android:label
		ADDED from dm-portal-android\JPush\AndroidManifest.xml:42:9-41
	android:allowBackup
		ADDED from dm-portal-android\JPush\AndroidManifest.xml:40:9-36
activity#cn.jpush.android.ui.PopWinActivity
ADDED from dm-portal-android\JPush\AndroidManifest.xml:52:9-55:61
	android:exported
		ADDED from dm-portal-android\JPush\AndroidManifest.xml:54:13-37
	android:theme
		ADDED from dm-portal-android\JPush\AndroidManifest.xml:55:13-49
	android:name
		ADDED from dm-portal-android\JPush\AndroidManifest.xml:53:13-62
activity#cn.jpush.android.ui.PushActivity
ADDED from dm-portal-android\JPush\AndroidManifest.xml:58:9-69:20
	android:exported
		ADDED from dm-portal-android\JPush\AndroidManifest.xml:61:13-37
	android:configChanges
		ADDED from dm-portal-android\JPush\AndroidManifest.xml:60:13-63
	android:theme
		ADDED from dm-portal-android\JPush\AndroidManifest.xml:62:13-60
	android:name
		ADDED from dm-portal-android\JPush\AndroidManifest.xml:59:13-60
intent-filter#android.intent.category.DEFAULT+cn.jpush.android.ui.PushActivity+com.last.design.dmportal
ADDED from dm-portal-android\JPush\AndroidManifest.xml:63:13-68:29
action#cn.jpush.android.ui.PushActivity
ADDED from dm-portal-android\JPush\AndroidManifest.xml:64:17-75
	android:name
		ADDED from dm-portal-android\JPush\AndroidManifest.xml:64:25-72
category#android.intent.category.DEFAULT
ADDED from dm-portal-android\JPush\AndroidManifest.xml:66:17-76
	android:name
		ADDED from dm-portal-android\JPush\AndroidManifest.xml:66:27-73
category#com.last.design.dmportal
ADDED from dm-portal-android\JPush\AndroidManifest.xml:67:17-69
	android:name
		ADDED from dm-portal-android\JPush\AndroidManifest.xml:67:27-66
service#cn.jpush.android.service.PushService
ADDED from dm-portal-android\JPush\AndroidManifest.xml:73:9-83:19
	android:process
		ADDED from dm-portal-android\JPush\AndroidManifest.xml:76:13-40
	android:exported
		ADDED from dm-portal-android\JPush\AndroidManifest.xml:75:13-37
	android:name
		ADDED from dm-portal-android\JPush\AndroidManifest.xml:74:13-64
intent-filter#cn.jpush.android.intent.PUSH_TIME+cn.jpush.android.intent.PushService+cn.jpush.android.intent.REGISTER+cn.jpush.android.intent.REPORT
ADDED from dm-portal-android\JPush\AndroidManifest.xml:77:13-82:29
action#cn.jpush.android.intent.REGISTER
ADDED from dm-portal-android\JPush\AndroidManifest.xml:78:17-75
	android:name
		ADDED from dm-portal-android\JPush\AndroidManifest.xml:78:25-72
action#cn.jpush.android.intent.REPORT
ADDED from dm-portal-android\JPush\AndroidManifest.xml:79:17-73
	android:name
		ADDED from dm-portal-android\JPush\AndroidManifest.xml:79:25-70
action#cn.jpush.android.intent.PushService
ADDED from dm-portal-android\JPush\AndroidManifest.xml:80:17-78
	android:name
		ADDED from dm-portal-android\JPush\AndroidManifest.xml:80:25-75
action#cn.jpush.android.intent.PUSH_TIME
ADDED from dm-portal-android\JPush\AndroidManifest.xml:81:17-76
	android:name
		ADDED from dm-portal-android\JPush\AndroidManifest.xml:81:25-73
provider#cn.jpush.android.service.DataProvider
ADDED from dm-portal-android\JPush\AndroidManifest.xml:85:9-89:43
	android:process
		ADDED from dm-portal-android\JPush\AndroidManifest.xml:89:13-40
	android:authorities
		ADDED from dm-portal-android\JPush\AndroidManifest.xml:87:13-72
	android:exported
		ADDED from dm-portal-android\JPush\AndroidManifest.xml:88:13-37
	android:name
		ADDED from dm-portal-android\JPush\AndroidManifest.xml:86:13-65
service#cn.jpush.android.service.DaemonService
ADDED from dm-portal-android\JPush\AndroidManifest.xml:93:9-102:19
	android:enabled
		ADDED from dm-portal-android\JPush\AndroidManifest.xml:95:13-35
	android:exported
		ADDED from dm-portal-android\JPush\AndroidManifest.xml:96:13-36
	android:name
		ADDED from dm-portal-android\JPush\AndroidManifest.xml:94:13-66
intent-filter#cn.jpush.android.intent.DaemonService+com.last.design.dmportal
ADDED from dm-portal-android\JPush\AndroidManifest.xml:97:13-101:29
action#cn.jpush.android.intent.DaemonService
ADDED from dm-portal-android\JPush\AndroidManifest.xml:98:17-80
	android:name
		ADDED from dm-portal-android\JPush\AndroidManifest.xml:98:25-77
provider#cn.jpush.android.service.DownloadProvider
ADDED from dm-portal-android\JPush\AndroidManifest.xml:104:9-107:39
	android:authorities
		ADDED from dm-portal-android\JPush\AndroidManifest.xml:106:13-76
	android:exported
		ADDED from dm-portal-android\JPush\AndroidManifest.xml:107:13-36
	android:name
		ADDED from dm-portal-android\JPush\AndroidManifest.xml:105:13-69
receiver#cn.jpush.android.service.PushReceiver
ADDED from dm-portal-android\JPush\AndroidManifest.xml:109:9-128:20
	android:enabled
		ADDED from dm-portal-android\JPush\AndroidManifest.xml:111:13-35
	android:exported
		ADDED from dm-portal-android\JPush\AndroidManifest.xml:112:13-37
	android:name
		ADDED from dm-portal-android\JPush\AndroidManifest.xml:110:13-65
intent-filter#cn.jpush.android.intent.NOTIFICATION_RECEIVED_PROXY+com.last.design.dmportal
ADDED from dm-portal-android\JPush\AndroidManifest.xml:113:13-116:29
	android:priority
		ADDED from dm-portal-android\JPush\AndroidManifest.xml:113:28-51
action#cn.jpush.android.intent.NOTIFICATION_RECEIVED_PROXY
ADDED from dm-portal-android\JPush\AndroidManifest.xml:114:17-94
	android:name
		ADDED from dm-portal-android\JPush\AndroidManifest.xml:114:25-91
intent-filter#android.intent.action.USER_PRESENT+android.net.conn.CONNECTIVITY_CHANGE
ADDED from dm-portal-android\JPush\AndroidManifest.xml:117:13-120:29
action#android.intent.action.USER_PRESENT
ADDED from dm-portal-android\JPush\AndroidManifest.xml:118:17-77
	android:name
		ADDED from dm-portal-android\JPush\AndroidManifest.xml:118:25-74
action#android.net.conn.CONNECTIVITY_CHANGE
ADDED from dm-portal-android\JPush\AndroidManifest.xml:119:17-79
	android:name
		ADDED from dm-portal-android\JPush\AndroidManifest.xml:119:25-76
intent-filter#android.intent.action.PACKAGE_ADDED+android.intent.action.PACKAGE_REMOVED
ADDED from dm-portal-android\JPush\AndroidManifest.xml:122:13-127:29
action#android.intent.action.PACKAGE_ADDED
ADDED from dm-portal-android\JPush\AndroidManifest.xml:123:17-78
	android:name
		ADDED from dm-portal-android\JPush\AndroidManifest.xml:123:25-75
action#android.intent.action.PACKAGE_REMOVED
ADDED from dm-portal-android\JPush\AndroidManifest.xml:124:17-80
	android:name
		ADDED from dm-portal-android\JPush\AndroidManifest.xml:124:25-77
data
ADDED from dm-portal-android\JPush\AndroidManifest.xml:126:17-50
	android:scheme
		ADDED from dm-portal-android\JPush\AndroidManifest.xml:126:23-47
receiver#cn.jpush.android.service.AlarmReceiver
ADDED from dm-portal-android\JPush\AndroidManifest.xml:131:9-133:40
	android:exported
		ADDED from dm-portal-android\JPush\AndroidManifest.xml:133:13-37
	android:name
		ADDED from dm-portal-android\JPush\AndroidManifest.xml:132:13-66
meta-data#JPUSH_CHANNEL
ADDED from dm-portal-android\JPush\AndroidManifest.xml:140:9-142:49
	android:value
		ADDED from dm-portal-android\JPush\AndroidManifest.xml:142:13-46
	android:name
		ADDED from dm-portal-android\JPush\AndroidManifest.xml:141:13-41
meta-data#JPUSH_APPKEY
ADDED from dm-portal-android\JPush\AndroidManifest.xml:143:9-145:56
	android:value
		ADDED from dm-portal-android\JPush\AndroidManifest.xml:145:13-53
	android:name
		ADDED from dm-portal-android\JPush\AndroidManifest.xml:144:13-40